<?xml version="1.0" encoding="UTF-8"?>
<!-- Generated by org.testng.reporters.JUnitReportReporter -->
<testsuite skipped="0" hostname="DESKTOP-78D4HDH" name="windowsHandles.TestNaukriMultipleWindows" tests="1" failures="0" timestamp="27 Sep 2018 22:04:35 GMT" time="31.542" errors="0">
  <testcase name="TestPopUp" time="31.542" classname="windowsHandles.TestNaukriMultipleWindows"/>
</testsuite> <!-- windowsHandles.TestNaukriMultipleWindows -->
