<?xml version="1.0" encoding="UTF-8"?>
<!-- Generated by org.testng.reporters.JUnitReportReporter -->
<testsuite skipped="0" hostname="DESKTOP-78D4HDH" name="excelPackage.ExcelRead" tests="1" failures="0" timestamp="05 Oct 2018 21:21:48 GMT" time="1.088" errors="0">
  <testcase name="excelRead" time="1.088" classname="excelPackage.ExcelRead"/>
</testsuite> <!-- excelPackage.ExcelRead -->
