<?xml version="1.0" encoding="UTF-8"?>
<!-- Generated by org.testng.reporters.JUnitReportReporter -->
<testsuite skipped="0" hostname="DESKTOP-78D4HDH" name="excelPackage.DataDriven" tests="1" failures="0" timestamp="05 Oct 2018 23:43:16 GMT" time="0.952" errors="0">
  <testcase name="getData" time="0.952" classname="excelPackage.DataDriven"/>
</testsuite> <!-- excelPackage.DataDriven -->
