<?xml version="1.0" encoding="UTF-8"?>
<!-- Generated by org.testng.reporters.JUnitReportReporter -->
<testsuite skipped="0" hostname="DESKTOP-78D4HDH" name="windowsHandles.SwitchTabHandle" tests="1" failures="0" timestamp="27 Sep 2018 21:52:38 GMT" time="2.834" errors="0">
  <testcase name="openTab" time="2.834" classname="windowsHandles.SwitchTabHandle"/>
</testsuite> <!-- windowsHandles.SwitchTabHandle -->
