<?xml version="1.0" encoding="UTF-8"?>
<!-- Generated by org.testng.reporters.JUnitReportReporter -->
<testsuite skipped="0" hostname="DESKTOP-78D4HDH" name="windowsHandles.Ajaxdemo" tests="1" failures="0" timestamp="27 Sep 2018 20:52:55 GMT" time="0.947" errors="0">
  <testcase name="test_AjaxExample" time="0.947" classname="windowsHandles.Ajaxdemo"/>
</testsuite> <!-- windowsHandles.Ajaxdemo -->
