<?xml version="1.0" encoding="UTF-8"?>
<!-- Generated by org.testng.reporters.JUnitReportReporter -->
<testsuite skipped="0" hostname="DESKTOP-78D4HDH" name="windowsHandles.FluentWaitDemo" tests="1" failures="0" timestamp="27 Sep 2018 21:06:08 GMT" time="26.924" errors="0">
  <testcase name="main" time="26.924" classname="windowsHandles.FluentWaitDemo"/>
</testsuite> <!-- windowsHandles.FluentWaitDemo -->
